[INFO] Scanning for projects...
[INFO] 
[INFO] ------------------< it.polimi.ingsw:ParenteVenturini >------------------
[INFO] Building ParenteVenturini 0.0.1-SNAPSHOT
[INFO] --------------------------------[ jar ]---------------------------------
[INFO] 
[INFO] --- maven-clean-plugin:2.5:clean (default-clean) @ ParenteVenturini ---
[INFO] Deleting E:\Università\Ingegneria del Software\Progetto finale\progetto-ingegneria-sw\target
[INFO] 
[INFO] --- jacoco-maven-plugin:0.7.9:prepare-agent (jacoco-initialize) @ ParenteVenturini ---
[INFO] argLine set to "-javaagent:C:\\Users\\Domenico\\.m2\\repository\\org\\jacoco\\org.jacoco.agent\\0.7.9\\org.jacoco.agent-0.7.9-runtime.jar=destfile=E:\\Università\\Ingegneria del Software\\Progetto finale\\progetto-ingegneria-sw\\target\\jacoco.exec"
[INFO] 
[INFO] --- maven-resources-plugin:2.6:resources (default-resources) @ ParenteVenturini ---
[INFO] Using 'UTF-8' encoding to copy filtered resources.
[INFO] skip non existing resourceDirectory E:\Università\Ingegneria del Software\Progetto finale\progetto-ingegneria-sw\src\main\resources
[INFO] 
[INFO] --- maven-compiler-plugin:3.6.1:compile (default-compile) @ ParenteVenturini ---
[INFO] Changes detected - recompiling the module!
[INFO] Compiling 1 source file to E:\Università\Ingegneria del Software\Progetto finale\progetto-ingegneria-sw\target\classes
[INFO] 
[INFO] --- maven-resources-plugin:2.6:testResources (default-testResources) @ ParenteVenturini ---
[INFO] Using 'UTF-8' encoding to copy filtered resources.
[INFO] skip non existing resourceDirectory E:\Università\Ingegneria del Software\Progetto finale\progetto-ingegneria-sw\src\test\resources
[INFO] 
[INFO] --- maven-compiler-plugin:3.6.1:testCompile (default-testCompile) @ ParenteVenturini ---
[INFO] Changes detected - recompiling the module!
[INFO] Compiling 1 source file to E:\Università\Ingegneria del Software\Progetto finale\progetto-ingegneria-sw\target\test-classes
[INFO] 
[INFO] --- maven-surefire-plugin:2.12.4:test (default-test) @ ParenteVenturini ---
[INFO] Surefire report directory: E:\Università\Ingegneria del Software\Progetto finale\progetto-ingegneria-sw\target\surefire-reports

-------------------------------------------------------
 T E S T S
-------------------------------------------------------
Exception in thread "main" java.lang.reflect.InvocationTargetException
	at java.base/jdk.internal.reflect.NativeMethodAccessorImpl.invoke0(Native Method)
	at java.base/jdk.internal.reflect.NativeMethodAccessorImpl.invoke(NativeMethodAccessorImpl.java:62)
	at java.base/jdk.internal.reflect.DelegatingMethodAccessorImpl.invoke(DelegatingMethodAccessorImpl.java:43)
	at java.base/java.lang.reflect.Method.invoke(Method.java:567)
	at java.instrument/sun.instrument.InstrumentationImpl.loadClassAndStartAgent(InstrumentationImpl.java:513)
	at java.instrument/sun.instrument.InstrumentationImpl.loadClassAndCallPremain(InstrumentationImpl.java:525)
Caused by: java.lang.RuntimeException: Class java/util/UUID could not be instrumented.
	at org.jacoco.agent.rt.internal_8ff85ea.core.runtime.ModifiedSystemClassRuntime.createFor(ModifiedSystemClassRuntime.java:140)
	at org.jacoco.agent.rt.internal_8ff85ea.core.runtime.ModifiedSystemClassRuntime.createFor(ModifiedSystemClassRuntime.java:101)
	at org.jacoco.agent.rt.internal_8ff85ea.PreMain.createRuntime(PreMain.java:55)
	at org.jacoco.agent.rt.internal_8ff85ea.PreMain.premain(PreMain.java:47)
	... 6 more
Caused by: java.lang.NoSuchFieldException: $jacocoAccess
	at java.base/java.lang.Class.getField(Class.java:2005)
	at org.jacoco.agent.rt.internal_8ff85ea.core.runtime.ModifiedSystemClassRuntime.createFor(ModifiedSystemClassRuntime.java:138)
	... 9 more
FATAL ERROR in native method: processing of -javaagent failed

Results :

Tests run: 0, Failures: 0, Errors: 0, Skipped: 0

[INFO] ------------------------------------------------------------------------
[INFO] BUILD FAILURE
[INFO] ------------------------------------------------------------------------
[INFO] Total time:  2.672 s
[INFO] Finished at: 2020-03-17T19:15:15+01:00
[INFO] ------------------------------------------------------------------------
[ERROR] Failed to execute goal org.apache.maven.plugins:maven-surefire-plugin:2.12.4:test (default-test) on project ParenteVenturini: Execution default-test of goal org.apache.maven.plugins:maven-surefire-plugin:2.12.4:test failed: The forked VM terminated without saying properly goodbye. VM crash or System.exit called ? -> [Help 1]
[ERROR] 
[ERROR] To see the full stack trace of the errors, re-run Maven with the -e switch.
[ERROR] Re-run Maven using the -X switch to enable full debug logging.
[ERROR] 
[ERROR] For more information about the errors and possible solutions, please read the following articles:
[ERROR] [Help 1] http://cwiki.apache.org/confluence/display/MAVEN/PluginExecutionException
